0 info it worked if it ends with ok
1 verbose cli [ 'node', '/usr/local/bin/npm', 'publish' ]
2 info using npm@2.10.1
3 info using node@v0.12.4
4 verbose publish [ '.' ]
5 silly cache add args [ '.', null ]
6 verbose cache add spec .
7 silly cache add parsed spec { raw: '.',
7 silly cache add   scope: null,
7 silly cache add   name: null,
7 silly cache add   rawSpec: '.',
7 silly cache add   spec: '/Users/jjaques/Dev/shopify/3five-shopify-theme',
7 silly cache add   type: 'directory' }
8 verbose addLocalDirectory /Users/jjaques/.npm/bootstrap-3five-shopify/0.8.0/package.tgz not in flight; packing
9 verbose tar pack [ '/Users/jjaques/.npm/bootstrap-3five-shopify/0.8.0/package.tgz',
9 verbose tar pack   '/Users/jjaques/Dev/shopify/3five-shopify-theme' ]
10 verbose tarball /Users/jjaques/.npm/bootstrap-3five-shopify/0.8.0/package.tgz
11 verbose folder /Users/jjaques/Dev/shopify/3five-shopify-theme
12 info prepublish bootstrap-3five-shopify@0.8.0
13 verbose addLocalTarball adding from inside cache /Users/jjaques/.npm/bootstrap-3five-shopify/0.8.0/package.tgz
14 silly cache afterAdd bootstrap-3five-shopify@0.8.0
15 verbose afterAdd /Users/jjaques/.npm/bootstrap-3five-shopify/0.8.0/package/package.json not in flight; writing
16 verbose afterAdd /Users/jjaques/.npm/bootstrap-3five-shopify/0.8.0/package/package.json written
17 silly publish { name: 'bootstrap-3five-shopify',
17 silly publish   version: '0.8.0',
17 silly publish   description: '',
17 silly publish   main: 'index.js',
17 silly publish   scripts: { test: 'echo "Error: no test specified" && exit 1' },
17 silly publish   author: '',
17 silly publish   license: 'ISC',
17 silly publish   dependencies: { 'bootstrap-sass': '^3.3.5' },
17 silly publish   gitHead: '9da748345d08d8de2c2f1e84d04cdbb146469dae',
17 silly publish   readme: 'ERROR: No README data found!',
17 silly publish   _id: 'bootstrap-3five-shopify@0.8.0',
17 silly publish   _shasum: '668d9a7be638555bc4093de6bc3503724355b808',
17 silly publish   _from: '.' }
18 verbose getPublishConfig undefined
19 silly mapToRegistry name bootstrap-3five-shopify
20 silly mapToRegistry using default registry
21 silly mapToRegistry registry https://registry.npmjs.org/
22 silly mapToRegistry uri https://registry.npmjs.org/bootstrap-3five-shopify
23 verbose publish registryBase https://registry.npmjs.org/
24 silly publish uploading /Users/jjaques/.npm/bootstrap-3five-shopify/0.8.0/package.tgz
25 verbose request uri https://registry.npmjs.org/bootstrap-3five-shopify
26 verbose request sending authorization for write operation
27 info attempt registry request try #1 at 1:46:32 PM
28 verbose request using bearer token for auth
29 verbose request id 82589b08b078ec2c
30 http request PUT https://registry.npmjs.org/bootstrap-3five-shopify
31 http 403 https://registry.npmjs.org/bootstrap-3five-shopify
32 verbose headers { 'content-type': 'application/json',
32 verbose headers   'cache-control': 'max-age=60',
32 verbose headers   'content-length': '95',
32 verbose headers   'accept-ranges': 'bytes',
32 verbose headers   date: 'Fri, 16 Oct 2015 18:46:33 GMT',
32 verbose headers   via: '1.1 varnish',
32 verbose headers   connection: 'keep-alive',
32 verbose headers   'x-served-by': 'cache-dfw1835-DFW',
32 verbose headers   'x-cache': 'MISS',
32 verbose headers   'x-cache-hits': '0',
32 verbose headers   'x-timer': 'S1445021191.715330,VS0,VE1850' }
33 verbose request invalidating /Users/jjaques/.npm/registry.npmjs.org/bootstrap-3five-shopify on PUT
34 error publish Failed PUT 403
35 verbose stack Error: "You cannot publish over the previously published version 0.8.0." : bootstrap-3five-shopify
35 verbose stack     at CachingRegistryClient.<anonymous> (/usr/local/lib/node_modules/npm/node_modules/npm-registry-client/lib/request.js:247:14)
35 verbose stack     at Request._callback (/usr/local/lib/node_modules/npm/node_modules/npm-registry-client/lib/request.js:170:14)
35 verbose stack     at Request.self.callback (/usr/local/lib/node_modules/npm/node_modules/request/request.js:368:22)
35 verbose stack     at Request.emit (events.js:110:17)
35 verbose stack     at Request.<anonymous> (/usr/local/lib/node_modules/npm/node_modules/request/request.js:1219:14)
35 verbose stack     at Request.emit (events.js:129:20)
35 verbose stack     at IncomingMessage.<anonymous> (/usr/local/lib/node_modules/npm/node_modules/request/request.js:1167:12)
35 verbose stack     at IncomingMessage.emit (events.js:129:20)
35 verbose stack     at _stream_readable.js:908:16
35 verbose stack     at process._tickCallback (node.js:355:11)
36 verbose statusCode 403
37 verbose pkgid bootstrap-3five-shopify
38 verbose cwd /Users/jjaques/Dev/shopify/3five-shopify-theme
39 error Darwin 15.0.0
40 error argv "node" "/usr/local/bin/npm" "publish"
41 error node v0.12.4
42 error npm  v2.10.1
43 error code E403
44 error "You cannot publish over the previously published version 0.8.0." : bootstrap-3five-shopify
45 error If you need help, you may report this error at:
45 error     <https://github.com/npm/npm/issues>
46 verbose exit [ 1, true ]
